2021-09-13 17:33:44,722 - Log4JLogChute initialized using file 'velocity.log'
2021-09-13 17:33:44,722 - Initializing Velocity, Calling init()...
2021-09-13 17:33:44,722 - Starting Apache Velocity v1.7 (compiled: 2010-11-19 12:14:37)
2021-09-13 17:33:44,722 - Default Properties File: org\apache\velocity\runtime\defaults\velocity.properties
2021-09-13 17:33:44,722 - Trying to use logger class org.apache.velocity.runtime.log.AvalonLogChute
2021-09-13 17:33:44,722 - Target log system for org.apache.velocity.runtime.log.AvalonLogChute is not available (java.lang.NoClassDefFoundError: org/apache/log/format/Formatter).  Falling back to next log system...
2021-09-13 17:33:44,722 - Trying to use logger class org.apache.velocity.runtime.log.Log4JLogChute
2021-09-13 17:33:44,742 - Using logger class org.apache.velocity.runtime.log.Log4JLogChute
2021-09-13 17:33:44,745 - ResourceLoader instantiated: org.apache.velocity.runtime.resource.loader.ClasspathResourceLoader
2021-09-13 17:33:44,755 - ResourceCache: initialized (class org.apache.velocity.runtime.resource.ResourceCacheImpl) with class java.util.Collections$SynchronizedMap cache map.
2021-09-13 17:33:44,755 - Loaded System Directive: org.apache.velocity.runtime.directive.Stop
2021-09-13 17:33:44,756 - Loaded System Directive: org.apache.velocity.runtime.directive.Define
2021-09-13 17:33:44,757 - Loaded System Directive: org.apache.velocity.runtime.directive.Break
2021-09-13 17:33:44,757 - Loaded System Directive: org.apache.velocity.runtime.directive.Evaluate
2021-09-13 17:33:44,757 - Loaded System Directive: org.apache.velocity.runtime.directive.Literal
2021-09-13 17:33:44,758 - Loaded System Directive: org.apache.velocity.runtime.directive.Macro
2021-09-13 17:33:44,759 - Loaded System Directive: org.apache.velocity.runtime.directive.Parse
2021-09-13 17:33:44,760 - Loaded System Directive: org.apache.velocity.runtime.directive.Include
2021-09-13 17:33:44,760 - Loaded System Directive: org.apache.velocity.runtime.directive.Foreach
2021-09-13 17:33:44,784 - Created '20' parsers.
2021-09-13 17:33:44,788 - Velocimacro : "velocimacro.library" is not set.  Trying default library: VM_global_library.vm
2021-09-13 17:33:44,789 - Could not load resource 'VM_global_library.vm' from ResourceLoader org.apache.velocity.runtime.resource.loader.ClasspathResourceLoader: ClasspathResourceLoader Error: cannot find resource VM_global_library.vm
2021-09-13 17:33:44,789 - Velocimacro : Default library not found.
2021-09-13 17:33:44,789 - Velocimacro : allowInline = true : VMs can be defined inline in templates
2021-09-13 17:33:44,789 - Velocimacro : allowInlineToOverride = false : VMs defined inline may NOT replace previous VM definitions
2021-09-13 17:33:44,789 - Velocimacro : allowInlineLocal = false : VMs defined inline will be global in scope if allowed.
2021-09-13 17:33:44,789 - Velocimacro : autoload off : VM system will not automatically reload global library macros
2021-09-13 17:33:44,812 - ResourceManager : found /templates/resetPassword.vm with loader org.apache.velocity.runtime.resource.loader.ClasspathResourceLoader
2021-09-13 17:52:53,593 - Log4JLogChute initialized using file 'velocity.log'
2021-09-13 17:52:53,594 - Initializing Velocity, Calling init()...
2021-09-13 17:52:53,594 - Starting Apache Velocity v1.7 (compiled: 2010-11-19 12:14:37)
2021-09-13 17:52:53,594 - Default Properties File: org\apache\velocity\runtime\defaults\velocity.properties
2021-09-13 17:52:53,594 - Trying to use logger class org.apache.velocity.runtime.log.AvalonLogChute
2021-09-13 17:52:53,594 - Target log system for org.apache.velocity.runtime.log.AvalonLogChute is not available (java.lang.NoClassDefFoundError: org/apache/log/format/Formatter).  Falling back to next log system...
2021-09-13 17:52:53,594 - Trying to use logger class org.apache.velocity.runtime.log.Log4JLogChute
2021-09-13 17:52:53,594 - Using logger class org.apache.velocity.runtime.log.Log4JLogChute
2021-09-13 17:52:53,594 - ResourceLoader instantiated: org.apache.velocity.runtime.resource.loader.ClasspathResourceLoader
2021-09-13 17:52:53,594 - ResourceCache: initialized (class org.apache.velocity.runtime.resource.ResourceCacheImpl) with class java.util.Collections$SynchronizedMap cache map.
2021-09-13 17:52:53,594 - Loaded System Directive: org.apache.velocity.runtime.directive.Stop
2021-09-13 17:52:53,594 - Loaded System Directive: org.apache.velocity.runtime.directive.Define
2021-09-13 17:52:53,594 - Loaded System Directive: org.apache.velocity.runtime.directive.Break
2021-09-13 17:52:53,594 - Loaded System Directive: org.apache.velocity.runtime.directive.Evaluate
2021-09-13 17:52:53,595 - Loaded System Directive: org.apache.velocity.runtime.directive.Literal
2021-09-13 17:52:53,595 - Loaded System Directive: org.apache.velocity.runtime.directive.Macro
2021-09-13 17:52:53,595 - Loaded System Directive: org.apache.velocity.runtime.directive.Parse
2021-09-13 17:52:53,595 - Loaded System Directive: org.apache.velocity.runtime.directive.Include
2021-09-13 17:52:53,595 - Loaded System Directive: org.apache.velocity.runtime.directive.Foreach
2021-09-13 17:52:53,596 - Created '20' parsers.
2021-09-13 17:52:53,596 - Velocimacro : "velocimacro.library" is not set.  Trying default library: VM_global_library.vm
2021-09-13 17:52:53,596 - Could not load resource 'VM_global_library.vm' from ResourceLoader org.apache.velocity.runtime.resource.loader.ClasspathResourceLoader: ClasspathResourceLoader Error: cannot find resource VM_global_library.vm
2021-09-13 17:52:53,596 - Velocimacro : Default library not found.
2021-09-13 17:52:53,596 - Velocimacro : allowInline = true : VMs can be defined inline in templates
2021-09-13 17:52:53,596 - Velocimacro : allowInlineToOverride = false : VMs defined inline may NOT replace previous VM definitions
2021-09-13 17:52:53,596 - Velocimacro : allowInlineLocal = false : VMs defined inline will be global in scope if allowed.
2021-09-13 17:52:53,596 - Velocimacro : autoload off : VM system will not automatically reload global library macros
2021-09-13 17:52:53,605 - ResourceManager : found /templates/resetPassword.vm with loader org.apache.velocity.runtime.resource.loader.ClasspathResourceLoader
2021-09-13 20:04:43,725 - Log4JLogChute initialized using file 'velocity.log'
2021-09-13 20:04:43,725 - Initializing Velocity, Calling init()...
2021-09-13 20:04:43,725 - Starting Apache Velocity v1.7 (compiled: 2010-11-19 12:14:37)
2021-09-13 20:04:43,725 - Default Properties File: org\apache\velocity\runtime\defaults\velocity.properties
2021-09-13 20:04:43,725 - Trying to use logger class org.apache.velocity.runtime.log.AvalonLogChute
2021-09-13 20:04:43,725 - Target log system for org.apache.velocity.runtime.log.AvalonLogChute is not available (java.lang.NoClassDefFoundError: org/apache/log/format/Formatter).  Falling back to next log system...
2021-09-13 20:04:43,725 - Trying to use logger class org.apache.velocity.runtime.log.Log4JLogChute
2021-09-13 20:04:43,725 - Using logger class org.apache.velocity.runtime.log.Log4JLogChute
2021-09-13 20:04:43,728 - ResourceLoader instantiated: org.apache.velocity.runtime.resource.loader.ClasspathResourceLoader
2021-09-13 20:04:43,739 - ResourceCache: initialized (class org.apache.velocity.runtime.resource.ResourceCacheImpl) with class java.util.Collections$SynchronizedMap cache map.
2021-09-13 20:04:43,740 - Loaded System Directive: org.apache.velocity.runtime.directive.Stop
2021-09-13 20:04:43,741 - Loaded System Directive: org.apache.velocity.runtime.directive.Define
2021-09-13 20:04:43,741 - Loaded System Directive: org.apache.velocity.runtime.directive.Break
2021-09-13 20:04:43,742 - Loaded System Directive: org.apache.velocity.runtime.directive.Evaluate
2021-09-13 20:04:43,742 - Loaded System Directive: org.apache.velocity.runtime.directive.Literal
2021-09-13 20:04:43,743 - Loaded System Directive: org.apache.velocity.runtime.directive.Macro
2021-09-13 20:04:43,744 - Loaded System Directive: org.apache.velocity.runtime.directive.Parse
2021-09-13 20:04:43,745 - Loaded System Directive: org.apache.velocity.runtime.directive.Include
2021-09-13 20:04:43,746 - Loaded System Directive: org.apache.velocity.runtime.directive.Foreach
2021-09-13 20:04:43,766 - Created '20' parsers.
2021-09-13 20:04:43,770 - Velocimacro : "velocimacro.library" is not set.  Trying default library: VM_global_library.vm
2021-09-13 20:04:43,770 - Could not load resource 'VM_global_library.vm' from ResourceLoader org.apache.velocity.runtime.resource.loader.ClasspathResourceLoader: ClasspathResourceLoader Error: cannot find resource VM_global_library.vm
2021-09-13 20:04:43,770 - Velocimacro : Default library not found.
2021-09-13 20:04:43,770 - Velocimacro : allowInline = true : VMs can be defined inline in templates
2021-09-13 20:04:43,770 - Velocimacro : allowInlineToOverride = false : VMs defined inline may NOT replace previous VM definitions
2021-09-13 20:04:43,770 - Velocimacro : allowInlineLocal = false : VMs defined inline will be global in scope if allowed.
2021-09-13 20:04:43,770 - Velocimacro : autoload off : VM system will not automatically reload global library macros
2021-09-13 20:04:43,796 - ResourceManager : found /templates/resetPassword.vm with loader org.apache.velocity.runtime.resource.loader.ClasspathResourceLoader
